<?xml version="1.0" encoding="UTF-8"?>
<!-- Generated by org.testng.reporters.JUnitReportReporter -->
<testsuite hostname="DALLAPDRGY4S2" failures="0" tests="2" name="slamMobility.TestRunner1" time="1.986" errors="0" timestamp="06 Nov 2019 15:38:44 GMT" skipped="1">
  <testcase classname="slamMobility.TestRunner1" name="test" time="1.986"/>
  <testcase classname="slamMobility.TestRunner1" name="DAL_SO_03_CAS_CK_CC_PK" time="0.000">
    <skipped/>
  </testcase> <!-- DAL_SO_03_CAS_CK_CC_PK -->
</testsuite> <!-- slamMobility.TestRunner1 -->
